<?xml version="1.0" encoding="UTF-8"?>
<coverage generated="1783202458088" clover="3.2.0">
  <project timestamp="1783202458088" name="All files">
    <metrics statements="92" coveredstatements="89" conditionals="58" coveredconditionals="55" methods="19" coveredmethods="17" elements="169" coveredelements="161" complexity="0" loc="92" ncloc="92" packages="3" files="4" classes="4"/>
    <package name="src">
      <metrics statements="8" coveredstatements="8" conditionals="8" coveredconditionals="8" methods="2" coveredmethods="2"/>
      <file name="safe-render.ts" path="C:\Claude\projects\pacman-clone\.worktrees\t_8c06f3d5\src\safe-render.ts">
        <metrics statements="8" coveredstatements="8" conditionals="8" coveredconditionals="8" methods="2" coveredmethods="2"/>
        <line num="13" count="4" type="cond" truecount="4" falsecount="0"/>
        <line num="14" count="1" type="stmt"/>
        <line num="17" count="3" type="stmt"/>
        <line num="18" count="3" type="stmt"/>
        <line num="28" count="5" type="cond" truecount="4" falsecount="0"/>
        <line num="29" count="2" type="stmt"/>
        <line num="32" count="3" type="stmt"/>
        <line num="38" count="3" type="stmt"/>
      </file>
    </package>
    <package name="src.engine">
      <metrics statements="66" coveredstatements="63" conditionals="34" coveredconditionals="32" methods="11" coveredmethods="9"/>
      <file name="Loop.ts" path="C:\Claude\projects\pacman-clone\.worktrees\t_8c06f3d5\src\engine\Loop.ts">
        <metrics statements="31" coveredstatements="30" conditionals="12" coveredconditionals="10" methods="5" coveredmethods="4"/>
        <line num="18" count="5" type="stmt"/>
        <line num="19" count="5" type="stmt"/>
        <line num="20" count="5" type="stmt"/>
        <line num="21" count="5" type="stmt"/>
        <line num="24" count="5" type="cond" truecount="1" falsecount="1"/>
        <line num="25" count="5" type="stmt"/>
        <line num="26" count="5" type="stmt"/>
        <line num="30" count="1" type="cond" truecount="1" falsecount="1"/>
        <line num="31" count="1" type="stmt"/>
        <line num="32" count="1" type="stmt"/>
        <line num="33" count="1" type="stmt"/>
        <line num="34" count="1" type="stmt"/>
        <line num="38" count="4" type="stmt"/>
        <line num="39" count="4" type="cond" truecount="2" falsecount="0"/>
        <line num="40" count="1" type="stmt"/>
        <line num="41" count="1" type="stmt"/>
        <line num="46" count="0" type="stmt"/>
        <line num="49" count="4" type="stmt"/>
        <line num="50" count="4" type="cond" truecount="2" falsecount="0"/>
        <line num="52" count="3" type="stmt"/>
        <line num="53" count="3" type="stmt"/>
        <line num="54" count="3" type="stmt"/>
        <line num="57" count="3" type="stmt"/>
        <line num="58" count="3" type="cond" truecount="2" falsecount="0"/>
        <line num="59" count="2" type="stmt"/>
        <line num="62" count="3" type="stmt"/>
        <line num="63" count="3" type="cond" truecount="2" falsecount="0"/>
        <line num="64" count="10" type="stmt"/>
        <line num="65" count="10" type="stmt"/>
        <line num="66" count="10" type="stmt"/>
        <line num="69" count="3" type="stmt"/>
      </file>
      <file name="MapLoader.ts" path="C:\Claude\projects\pacman-clone\.worktrees\t_8c06f3d5\src\engine\MapLoader.ts">
        <metrics statements="35" coveredstatements="33" conditionals="22" coveredconditionals="22" methods="6" coveredmethods="5"/>
        <line num="3" count="1" type="stmt"/>
        <line num="4" count="1" type="stmt"/>
        <line num="5" count="1" type="stmt"/>
        <line num="6" count="1" type="stmt"/>
        <line num="19" count="4" type="stmt"/>
        <line num="20" count="4" type="stmt"/>
        <line num="21" count="4" type="cond" truecount="2" falsecount="0"/>
        <line num="22" count="4" type="stmt"/>
        <line num="23" count="4" type="stmt"/>
        <line num="24" count="33" type="stmt"/>
        <line num="29" count="2" type="stmt"/>
        <line num="33" count="846" type="cond" truecount="6" falsecount="0"/>
        <line num="34" count="3" type="stmt"/>
        <line num="36" count="843" type="stmt"/>
        <line num="40" count="4" type="cond" truecount="4" falsecount="0"/>
        <line num="41" count="1" type="stmt"/>
        <line num="43" count="3" type="stmt"/>
        <line num="44" count="33" type="cond" truecount="2" falsecount="0"/>
        <line num="45" count="1" type="stmt"/>
        <line num="47" count="32" type="stmt"/>
        <line num="48" count="846" type="stmt"/>
        <line num="49" count="846" type="cond" truecount="4" falsecount="0"/>
        <line num="50" count="1" type="stmt"/>
        <line num="54" count="1" type="stmt"/>
        <line num="58" count="4" type="stmt"/>
        <line num="59" count="4" type="stmt"/>
        <line num="60" count="120" type="stmt"/>
        <line num="61" count="3360" type="cond" truecount="4" falsecount="0"/>
        <line num="62" count="1748" type="stmt"/>
        <line num="63" count="240" type="stmt"/>
        <line num="64" count="4" type="stmt"/>
        <line num="65" count="1368" type="stmt"/>
        <line num="69" count="4" type="stmt"/>
        <line num="74" count="0" type="stmt"/>
        <line num="75" count="0" type="stmt"/>
      </file>
    </package>
    <package name="src.services">
      <metrics statements="18" coveredstatements="18" conditionals="16" coveredconditionals="15" methods="6" coveredmethods="6"/>
      <file name="MockScoreService.ts" path="C:\Claude\projects\pacman-clone\.worktrees\t_8c06f3d5\src\services\MockScoreService.ts">
        <metrics statements="18" coveredstatements="18" conditionals="16" coveredconditionals="15" methods="6" coveredmethods="6"/>
        <line num="14" count="14" type="stmt"/>
        <line num="15" count="14" type="stmt"/>
        <line num="19" count="9" type="cond" truecount="2" falsecount="0"/>
        <line num="20" count="16" type="stmt"/>
        <line num="24" count="19" type="cond" truecount="4" falsecount="0"/>
        <line num="25" count="3" type="stmt"/>
        <line num="28" count="16" type="stmt"/>
        <line num="34" count="20" type="stmt"/>
        <line num="35" count="16" type="cond" truecount="2" falsecount="0"/>
        <line num="36" count="14" type="stmt"/>
        <line num="37" count="14" type="stmt"/>
        <line num="40" count="2" type="stmt"/>
        <line num="41" count="2" type="cond" truecount="4" falsecount="1"/>
        <line num="42" count="1" type="stmt"/>
        <line num="43" count="1" type="stmt"/>
        <line num="45" count="1" type="stmt"/>
        <line num="49" count="15" type="stmt"/>
        <line num="53" count="1" type="stmt"/>
      </file>
    </package>
  </project>
</coverage>
