{"C:\\Claude\\projects\\pacman-clone\\.worktrees\\t_8c06f3d5\\src\\safe-render.ts": {"path":"C:\\Claude\\projects\\pacman-clone\\.worktrees\\t_8c06f3d5\\src\\safe-render.ts","statementMap":{"0":{"start":{"line":13,"column":2},"end":{"line":15,"column":null}},"1":{"start":{"line":14,"column":4},"end":{"line":14,"column":null}},"2":{"start":{"line":17,"column":20},"end":{"line":17,"column":null}},"3":{"start":{"line":18,"column":2},"end":{"line":18,"column":null}},"4":{"start":{"line":28,"column":2},"end":{"line":30,"column":null}},"5":{"start":{"line":29,"column":4},"end":{"line":29,"column":null}},"6":{"start":{"line":32,"column":20},"end":{"line":37,"column":null}},"7":{"start":{"line":38,"column":2},"end":{"line":38,"column":null}}},"fnMap":{"0":{"name":"renderScore","decl":{"start":{"line":12,"column":16},"end":{"line":12,"column":28}},"loc":{"start":{"line":12,"column":79},"end":{"line":19,"column":null}},"line":12},"1":{"name":"renderName","decl":{"start":{"line":27,"column":16},"end":{"line":27,"column":27}},"loc":{"start":{"line":27,"column":68},"end":{"line":39,"column":null}},"line":27}},"branchMap":{"0":{"loc":{"start":{"line":13,"column":2},"end":{"line":15,"column":null}},"type":"if","locations":[{"start":{"line":13,"column":2},"end":{"line":15,"column":null}},{"start":{},"end":{}}],"line":13},"1":{"loc":{"start":{"line":13,"column":6},"end":{"line":13,"column":45}},"type":"binary-expr","locations":[{"start":{"line":13,"column":6},"end":{"line":13,"column":24}},{"start":{"line":13,"column":24},"end":{"line":13,"column":45}}],"line":13},"2":{"loc":{"start":{"line":28,"column":2},"end":{"line":30,"column":null}},"type":"if","locations":[{"start":{"line":28,"column":2},"end":{"line":30,"column":null}},{"start":{},"end":{}}],"line":28},"3":{"loc":{"start":{"line":28,"column":6},"end":{"line":28,"column":43}},"type":"binary-expr","locations":[{"start":{"line":28,"column":6},"end":{"line":28,"column":23}},{"start":{"line":28,"column":23},"end":{"line":28,"column":43}}],"line":28}},"s":{"0":4,"1":1,"2":3,"3":3,"4":5,"5":2,"6":3,"7":3},"f":{"0":4,"1":5},"b":{"0":[1,3],"1":[4,3],"2":[2,3],"3":[5,4]},"meta":{"lastBranch":4,"lastFunction":2,"lastStatement":8,"seen":{"f:12:16:12:28":0,"b:13:2:15:Infinity:undefined:undefined:undefined:undefined":0,"s:13:2:15:Infinity":0,"b:13:6:13:24:13:24:13:45":1,"s:14:4:14:Infinity":1,"s:17:20:17:Infinity":2,"s:18:2:18:Infinity":3,"f:27:16:27:27":1,"b:28:2:30:Infinity:undefined:undefined:undefined:undefined":2,"s:28:2:30:Infinity":4,"b:28:6:28:23:28:23:28:43":3,"s:29:4:29:Infinity":5,"s:32:20:37:Infinity":6,"s:38:2:38:Infinity":7},"fnNames":{}}}
,"C:\\Claude\\projects\\pacman-clone\\.worktrees\\t_8c06f3d5\\src\\engine\\Loop.ts": {"path":"C:\\Claude\\projects\\pacman-clone\\.worktrees\\t_8c06f3d5\\src\\engine\\Loop.ts","statementMap":{"0":{"start":{"line":18,"column":33},"end":{"line":18,"column":null}},"1":{"start":{"line":19,"column":21},"end":{"line":19,"column":null}},"2":{"start":{"line":20,"column":24},"end":{"line":20,"column":null}},"3":{"start":{"line":21,"column":20},"end":{"line":21,"column":null}},"4":{"start":{"line":49,"column":10},"end":{"line":70,"column":null}},"5":{"start":{"line":24,"column":16},"end":{"line":24,"column":null}},"6":{"start":{"line":25,"column":4},"end":{"line":25,"column":null}},"7":{"start":{"line":26,"column":4},"end":{"line":26,"column":null}},"8":{"start":{"line":30,"column":4},"end":{"line":30,"column":null}},"9":{"start":{"line":30,"column":22},"end":{"line":30,"column":null}},"10":{"start":{"line":31,"column":4},"end":{"line":31,"column":null}},"11":{"start":{"line":32,"column":4},"end":{"line":32,"column":null}},"12":{"start":{"line":33,"column":4},"end":{"line":33,"column":null}},"13":{"start":{"line":34,"column":4},"end":{"line":34,"column":null}},"14":{"start":{"line":38,"column":4},"end":{"line":38,"column":null}},"15":{"start":{"line":39,"column":4},"end":{"line":42,"column":null}},"16":{"start":{"line":40,"column":6},"end":{"line":40,"column":null}},"17":{"start":{"line":41,"column":6},"end":{"line":41,"column":null}},"18":{"start":{"line":46,"column":4},"end":{"line":46,"column":null}},"19":{"start":{"line":50,"column":4},"end":{"line":50,"column":null}},"20":{"start":{"line":50,"column":23},"end":{"line":50,"column":null}},"21":{"start":{"line":52,"column":18},"end":{"line":52,"column":null}},"22":{"start":{"line":53,"column":4},"end":{"line":53,"column":null}},"23":{"start":{"line":54,"column":4},"end":{"line":54,"column":null}},"24":{"start":{"line":57,"column":25},"end":{"line":57,"column":null}},"25":{"start":{"line":58,"column":4},"end":{"line":60,"column":null}},"26":{"start":{"line":59,"column":6},"end":{"line":59,"column":null}},"27":{"start":{"line":62,"column":18},"end":{"line":62,"column":null}},"28":{"start":{"line":63,"column":4},"end":{"line":67,"column":null}},"29":{"start":{"line":64,"column":6},"end":{"line":64,"column":null}},"30":{"start":{"line":65,"column":6},"end":{"line":65,"column":null}},"31":{"start":{"line":66,"column":6},"end":{"line":66,"column":null}},"32":{"start":{"line":69,"column":4},"end":{"line":69,"column":null}}},"fnMap":{"0":{"name":"constructor","decl":{"start":{"line":23,"column":2},"end":{"line":23,"column":14}},"loc":{"start":{"line":23,"column":36},"end":{"line":27,"column":null}},"line":23},"1":{"name":"start","decl":{"start":{"line":29,"column":2},"end":{"line":29,"column":16}},"loc":{"start":{"line":29,"column":16},"end":{"line":35,"column":null}},"line":29},"2":{"name":"stop","decl":{"start":{"line":37,"column":2},"end":{"line":37,"column":15}},"loc":{"start":{"line":37,"column":15},"end":{"line":43,"column":null}},"line":37},"3":{"name":"isRunning","decl":{"start":{"line":45,"column":6},"end":{"line":45,"column":27}},"loc":{"start":{"line":45,"column":27},"end":{"line":47,"column":null}},"line":45},"4":{"name":"(anonymous_4)","decl":{"start":{"line":49,"column":10},"end":{"line":49,"column":18}},"loc":{"start":{"line":49,"column":48},"end":{"line":70,"column":null}},"line":49}},"branchMap":{"0":{"loc":{"start":{"line":24,"column":16},"end":{"line":24,"column":null}},"type":"binary-expr","locations":[{"start":{"line":24,"column":16},"end":{"line":24,"column":31}},{"start":{"line":24,"column":31},"end":{"line":24,"column":null}}],"line":24},"1":{"loc":{"start":{"line":30,"column":4},"end":{"line":30,"column":null}},"type":"if","locations":[{"start":{"line":30,"column":4},"end":{"line":30,"column":null}},{"start":{},"end":{}}],"line":30},"2":{"loc":{"start":{"line":39,"column":4},"end":{"line":42,"column":null}},"type":"if","locations":[{"start":{"line":39,"column":4},"end":{"line":42,"column":null}},{"start":{},"end":{}}],"line":39},"3":{"loc":{"start":{"line":50,"column":4},"end":{"line":50,"column":null}},"type":"if","locations":[{"start":{"line":50,"column":4},"end":{"line":50,"column":null}},{"start":{},"end":{}}],"line":50},"4":{"loc":{"start":{"line":58,"column":4},"end":{"line":60,"column":null}},"type":"if","locations":[{"start":{"line":58,"column":4},"end":{"line":60,"column":null}},{"start":{},"end":{}}],"line":58},"5":{"loc":{"start":{"line":63,"column":11},"end":{"line":63,"column":59}},"type":"binary-expr","locations":[{"start":{"line":63,"column":11},"end":{"line":63,"column":46}},{"start":{"line":63,"column":46},"end":{"line":63,"column":59}}],"line":63}},"s":{"0":5,"1":5,"2":5,"3":5,"4":4,"5":5,"6":5,"7":5,"8":1,"9":0,"10":1,"11":1,"12":1,"13":1,"14":4,"15":4,"16":1,"17":1,"18":0,"19":4,"20":1,"21":3,"22":3,"23":3,"24":3,"25":3,"26":2,"27":3,"28":3,"29":10,"30":10,"31":10,"32":3},"f":{"0":5,"1":1,"2":4,"3":0,"4":4},"b":{"0":[5,0],"1":[0,1],"2":[1,3],"3":[1,3],"4":[2,1],"5":[3,12]},"meta":{"lastBranch":6,"lastFunction":5,"lastStatement":33,"seen":{"s:18:33:18:Infinity":0,"s:19:21:19:Infinity":1,"s:20:24:20:Infinity":2,"s:21:20:21:Infinity":3,"s:49:10:70:Infinity":4,"f:23:2:23:14":0,"s:24:16:24:Infinity":5,"b:24:16:24:31:24:31:24:Infinity":0,"s:25:4:25:Infinity":6,"s:26:4:26:Infinity":7,"f:29:2:29:16":1,"b:30:4:30:Infinity:undefined:undefined:undefined:undefined":1,"s:30:4:30:Infinity":8,"s:30:22:30:Infinity":9,"s:31:4:31:Infinity":10,"s:32:4:32:Infinity":11,"s:33:4:33:Infinity":12,"s:34:4:34:Infinity":13,"f:37:2:37:15":2,"s:38:4:38:Infinity":14,"b:39:4:42:Infinity:undefined:undefined:undefined:undefined":2,"s:39:4:42:Infinity":15,"s:40:6:40:Infinity":16,"s:41:6:41:Infinity":17,"f:45:6:45:27":3,"s:46:4:46:Infinity":18,"f:49:10:49:18":4,"b:50:4:50:Infinity:undefined:undefined:undefined:undefined":3,"s:50:4:50:Infinity":19,"s:50:23:50:Infinity":20,"s:52:18:52:Infinity":21,"s:53:4:53:Infinity":22,"s:54:4:54:Infinity":23,"s:57:25:57:Infinity":24,"b:58:4:60:Infinity:undefined:undefined:undefined:undefined":4,"s:58:4:60:Infinity":25,"s:59:6:59:Infinity":26,"s:62:18:62:Infinity":27,"s:63:4:67:Infinity":28,"b:63:11:63:46:63:46:63:59":5,"s:64:6:64:Infinity":29,"s:65:6:65:Infinity":30,"s:66:6:66:Infinity":31,"s:69:4:69:Infinity":32},"fnNames":{}}}
,"C:\\Claude\\projects\\pacman-clone\\.worktrees\\t_8c06f3d5\\src\\engine\\MapLoader.ts": {"path":"C:\\Claude\\projects\\pacman-clone\\.worktrees\\t_8c06f3d5\\src\\engine\\MapLoader.ts","statementMap":{"0":{"start":{"line":3,"column":18},"end":{"line":3,"column":null}},"1":{"start":{"line":4,"column":20},"end":{"line":4,"column":null}},"2":{"start":{"line":5,"column":26},"end":{"line":5,"column":null}},"3":{"start":{"line":6,"column":19},"end":{"line":6,"column":null}},"4":{"start":{"line":19,"column":4},"end":{"line":19,"column":null}},"5":{"start":{"line":20,"column":4},"end":{"line":20,"column":null}},"6":{"start":{"line":21,"column":4},"end":{"line":21,"column":null}},"7":{"start":{"line":22,"column":4},"end":{"line":22,"column":null}},"8":{"start":{"line":23,"column":4},"end":{"line":25,"column":null}},"9":{"start":{"line":23,"column":17},"end":{"line":23,"column":20}},"10":{"start":{"line":24,"column":6},"end":{"line":24,"column":null}},"11":{"start":{"line":29,"column":4},"end":{"line":29,"column":null}},"12":{"start":{"line":33,"column":4},"end":{"line":35,"column":null}},"13":{"start":{"line":34,"column":6},"end":{"line":34,"column":null}},"14":{"start":{"line":36,"column":4},"end":{"line":36,"column":null}},"15":{"start":{"line":40,"column":4},"end":{"line":42,"column":null}},"16":{"start":{"line":41,"column":6},"end":{"line":41,"column":null}},"17":{"start":{"line":43,"column":4},"end":{"line":53,"column":null}},"18":{"start":{"line":43,"column":17},"end":{"line":43,"column":20}},"19":{"start":{"line":44,"column":6},"end":{"line":46,"column":null}},"20":{"start":{"line":45,"column":8},"end":{"line":45,"column":null}},"21":{"start":{"line":47,"column":6},"end":{"line":52,"column":null}},"22":{"start":{"line":47,"column":19},"end":{"line":47,"column":22}},"23":{"start":{"line":48,"column":21},"end":{"line":48,"column":null}},"24":{"start":{"line":49,"column":8},"end":{"line":51,"column":null}},"25":{"start":{"line":50,"column":10},"end":{"line":50,"column":null}},"26":{"start":{"line":54,"column":4},"end":{"line":54,"column":null}},"27":{"start":{"line":58,"column":16},"end":{"line":58,"column":19}},"28":{"start":{"line":58,"column":29},"end":{"line":58,"column":32}},"29":{"start":{"line":58,"column":47},"end":{"line":58,"column":50}},"30":{"start":{"line":58,"column":60},"end":{"line":58,"column":null}},"31":{"start":{"line":59,"column":4},"end":{"line":68,"column":null}},"32":{"start":{"line":59,"column":17},"end":{"line":59,"column":20}},"33":{"start":{"line":60,"column":6},"end":{"line":67,"column":null}},"34":{"start":{"line":60,"column":19},"end":{"line":60,"column":22}},"35":{"start":{"line":61,"column":8},"end":{"line":66,"column":null}},"36":{"start":{"line":62,"column":26},"end":{"line":62,"column":35}},"37":{"start":{"line":62,"column":35},"end":{"line":62,"column":null}},"38":{"start":{"line":63,"column":28},"end":{"line":63,"column":39}},"39":{"start":{"line":63,"column":39},"end":{"line":63,"column":null}},"40":{"start":{"line":64,"column":34},"end":{"line":64,"column":50}},"41":{"start":{"line":64,"column":50},"end":{"line":64,"column":null}},"42":{"start":{"line":65,"column":19},"end":{"line":65,"column":null}},"43":{"start":{"line":69,"column":4},"end":{"line":69,"column":null}},"44":{"start":{"line":74,"column":16},"end":{"line":74,"column":null}},"45":{"start":{"line":75,"column":2},"end":{"line":75,"column":null}}},"fnMap":{"0":{"name":"constructor","decl":{"start":{"line":18,"column":2},"end":{"line":18,"column":14}},"loc":{"start":{"line":18,"column":35},"end":{"line":26,"column":null}},"line":18},"1":{"name":"getTiles","decl":{"start":{"line":28,"column":2},"end":{"line":28,"column":25}},"loc":{"start":{"line":28,"column":25},"end":{"line":30,"column":null}},"line":28},"2":{"name":"getTile","decl":{"start":{"line":32,"column":2},"end":{"line":32,"column":10}},"loc":{"start":{"line":32,"column":40},"end":{"line":37,"column":null}},"line":32},"3":{"name":"isValid","decl":{"start":{"line":39,"column":2},"end":{"line":39,"column":21}},"loc":{"start":{"line":39,"column":21},"end":{"line":55,"column":null}},"line":39},"4":{"name":"getStatistics","decl":{"start":{"line":57,"column":2},"end":{"line":57,"column":93}},"loc":{"start":{"line":57,"column":93},"end":{"line":70,"column":null}},"line":57},"5":{"name":"loadMap","decl":{"start":{"line":73,"column":16},"end":{"line":73,"column":37}},"loc":{"start":{"line":73,"column":37},"end":{"line":76,"column":null}},"line":73}},"branchMap":{"0":{"loc":{"start":{"line":21,"column":17},"end":{"line":21,"column":null}},"type":"binary-expr","locations":[{"start":{"line":21,"column":17},"end":{"line":21,"column":39}},{"start":{"line":21,"column":39},"end":{"line":21,"column":null}}],"line":21},"1":{"loc":{"start":{"line":33,"column":4},"end":{"line":35,"column":null}},"type":"if","locations":[{"start":{"line":33,"column":4},"end":{"line":35,"column":null}},{"start":{},"end":{}}],"line":33},"2":{"loc":{"start":{"line":33,"column":8},"end":{"line":33,"column":63}},"type":"binary-expr","locations":[{"start":{"line":33,"column":8},"end":{"line":33,"column":17}},{"start":{"line":33,"column":17},"end":{"line":33,"column":36}},{"start":{"line":33,"column":36},"end":{"line":33,"column":45}},{"start":{"line":33,"column":45},"end":{"line":33,"column":63}}],"line":33},"3":{"loc":{"start":{"line":40,"column":4},"end":{"line":42,"column":null}},"type":"if","locations":[{"start":{"line":40,"column":4},"end":{"line":42,"column":null}},{"start":{},"end":{}}],"line":40},"4":{"loc":{"start":{"line":40,"column":8},"end":{"line":40,"column":47}},"type":"binary-expr","locations":[{"start":{"line":40,"column":8},"end":{"line":40,"column":28}},{"start":{"line":40,"column":28},"end":{"line":40,"column":47}}],"line":40},"5":{"loc":{"start":{"line":44,"column":6},"end":{"line":46,"column":null}},"type":"if","locations":[{"start":{"line":44,"column":6},"end":{"line":46,"column":null}},{"start":{},"end":{}}],"line":44},"6":{"loc":{"start":{"line":49,"column":8},"end":{"line":51,"column":null}},"type":"if","locations":[{"start":{"line":49,"column":8},"end":{"line":51,"column":null}},{"start":{},"end":{}}],"line":49},"7":{"loc":{"start":{"line":49,"column":12},"end":{"line":49,"column":59}},"type":"binary-expr","locations":[{"start":{"line":49,"column":12},"end":{"line":49,"column":33}},{"start":{"line":49,"column":33},"end":{"line":49,"column":59}}],"line":49},"8":{"loc":{"start":{"line":61,"column":8},"end":{"line":66,"column":null}},"type":"switch","locations":[{"start":{"line":62,"column":10},"end":{"line":62,"column":null}},{"start":{"line":63,"column":10},"end":{"line":63,"column":null}},{"start":{"line":64,"column":10},"end":{"line":64,"column":null}},{"start":{"line":65,"column":10},"end":{"line":65,"column":null}}],"line":61}},"s":{"0":1,"1":1,"2":1,"3":1,"4":4,"5":4,"6":4,"7":4,"8":4,"9":4,"10":33,"11":2,"12":846,"13":3,"14":843,"15":4,"16":1,"17":3,"18":3,"19":33,"20":1,"21":32,"22":32,"23":846,"24":846,"25":1,"26":1,"27":4,"28":4,"29":4,"30":4,"31":4,"32":4,"33":120,"34":120,"35":3360,"36":1748,"37":1748,"38":240,"39":240,"40":4,"41":4,"42":1368,"43":4,"44":0,"45":0},"f":{"0":4,"1":2,"2":846,"3":4,"4":4,"5":0},"b":{"0":[4,1],"1":[3,843],"2":[846,845,844,844],"3":[1,3],"4":[4,3],"5":[1,32],"6":[1,845],"7":[846,846],"8":[1748,240,4,1368]},"meta":{"lastBranch":9,"lastFunction":6,"lastStatement":46,"seen":{"s:3:18:3:Infinity":0,"s:4:20:4:Infinity":1,"s:5:26:5:Infinity":2,"s:6:19:6:Infinity":3,"f:18:2:18:14":0,"s:19:4:19:Infinity":4,"s:20:4:20:Infinity":5,"s:21:4:21:Infinity":6,"b:21:17:21:39:21:39:21:Infinity":0,"s:22:4:22:Infinity":7,"s:23:4:25:Infinity":8,"s:23:17:23:20":9,"s:24:6:24:Infinity":10,"f:28:2:28:25":1,"s:29:4:29:Infinity":11,"f:32:2:32:10":2,"b:33:4:35:Infinity:undefined:undefined:undefined:undefined":1,"s:33:4:35:Infinity":12,"b:33:8:33:17:33:17:33:36:33:36:33:45:33:45:33:63":2,"s:34:6:34:Infinity":13,"s:36:4:36:Infinity":14,"f:39:2:39:21":3,"b:40:4:42:Infinity:undefined:undefined:undefined:undefined":3,"s:40:4:42:Infinity":15,"b:40:8:40:28:40:28:40:47":4,"s:41:6:41:Infinity":16,"s:43:4:53:Infinity":17,"s:43:17:43:20":18,"b:44:6:46:Infinity:undefined:undefined:undefined:undefined":5,"s:44:6:46:Infinity":19,"s:45:8:45:Infinity":20,"s:47:6:52:Infinity":21,"s:47:19:47:22":22,"s:48:21:48:Infinity":23,"b:49:8:51:Infinity:undefined:undefined:undefined:undefined":6,"s:49:8:51:Infinity":24,"b:49:12:49:33:49:33:49:59":7,"s:50:10:50:Infinity":25,"s:54:4:54:Infinity":26,"f:57:2:57:93":4,"s:58:16:58:19":27,"s:58:29:58:32":28,"s:58:47:58:50":29,"s:58:60:58:Infinity":30,"s:59:4:68:Infinity":31,"s:59:17:59:20":32,"s:60:6:67:Infinity":33,"s:60:19:60:22":34,"b:62:10:62:Infinity:63:10:63:Infinity:64:10:64:Infinity:65:10:65:Infinity":8,"s:61:8:66:Infinity":35,"s:62:26:62:35":36,"s:62:35:62:Infinity":37,"s:63:28:63:39":38,"s:63:39:63:Infinity":39,"s:64:34:64:50":40,"s:64:50:64:Infinity":41,"s:65:19:65:Infinity":42,"s:69:4:69:Infinity":43,"f:73:16:73:37":5,"s:74:16:74:Infinity":44,"s:75:2:75:Infinity":45},"fnNames":{}}}
,"C:\\Claude\\projects\\pacman-clone\\.worktrees\\t_8c06f3d5\\src\\services\\MockScoreService.ts": {"path":"C:\\Claude\\projects\\pacman-clone\\.worktrees\\t_8c06f3d5\\src\\services\\MockScoreService.ts","statementMap":{"0":{"start":{"line":14,"column":4},"end":{"line":14,"column":null}},"1":{"start":{"line":15,"column":4},"end":{"line":15,"column":null}},"2":{"start":{"line":19,"column":14},"end":{"line":19,"column":null}},"3":{"start":{"line":20,"column":4},"end":{"line":20,"column":null}},"4":{"start":{"line":20,"column":44},"end":{"line":20,"column":61}},"5":{"start":{"line":24,"column":4},"end":{"line":26,"column":null}},"6":{"start":{"line":25,"column":6},"end":{"line":25,"column":null}},"7":{"start":{"line":28,"column":30},"end":{"line":32,"column":null}},"8":{"start":{"line":34,"column":19},"end":{"line":34,"column":null}},"9":{"start":{"line":34,"column":59},"end":{"line":34,"column":76}},"10":{"start":{"line":35,"column":4},"end":{"line":47,"column":null}},"11":{"start":{"line":36,"column":6},"end":{"line":36,"column":null}},"12":{"start":{"line":37,"column":6},"end":{"line":37,"column":null}},"13":{"start":{"line":40,"column":21},"end":{"line":40,"column":null}},"14":{"start":{"line":41,"column":6},"end":{"line":46,"column":null}},"15":{"start":{"line":42,"column":8},"end":{"line":42,"column":null}},"16":{"start":{"line":43,"column":8},"end":{"line":43,"column":null}},"17":{"start":{"line":45,"column":8},"end":{"line":45,"column":null}},"18":{"start":{"line":49,"column":4},"end":{"line":49,"column":null}},"19":{"start":{"line":53,"column":4},"end":{"line":53,"column":null}}},"fnMap":{"0":{"name":"constructor","decl":{"start":{"line":13,"column":2},"end":{"line":13,"column":14}},"loc":{"start":{"line":13,"column":62},"end":{"line":16,"column":null}},"line":13},"1":{"name":"getHighScores","decl":{"start":{"line":18,"column":2},"end":{"line":18,"column":16}},"loc":{"start":{"line":18,"column":46},"end":{"line":21,"column":null}},"line":18},"2":{"name":"(anonymous_2)","decl":{"start":{"line":20,"column":29},"end":{"line":20,"column":35}},"loc":{"start":{"line":20,"column":44},"end":{"line":20,"column":61}},"line":20},"3":{"name":"submitScore","decl":{"start":{"line":23,"column":2},"end":{"line":23,"column":14}},"loc":{"start":{"line":23,"column":75},"end":{"line":50,"column":null}},"line":23},"4":{"name":"(anonymous_4)","decl":{"start":{"line":34,"column":44},"end":{"line":34,"column":50}},"loc":{"start":{"line":34,"column":59},"end":{"line":34,"column":76}},"line":34},"5":{"name":"reset","decl":{"start":{"line":52,"column":2},"end":{"line":52,"column":16}},"loc":{"start":{"line":52,"column":16},"end":{"line":54,"column":null}},"line":52}},"branchMap":{"0":{"loc":{"start":{"line":13,"column":14},"end":{"line":13,"column":42}},"type":"default-arg","locations":[{"start":{"line":13,"column":38},"end":{"line":13,"column":42}}],"line":13},"1":{"loc":{"start":{"line":13,"column":42},"end":{"line":13,"column":62}},"type":"default-arg","locations":[{"start":{"line":13,"column":58},"end":{"line":13,"column":62}}],"line":13},"2":{"loc":{"start":{"line":19,"column":14},"end":{"line":19,"column":null}},"type":"binary-expr","locations":[{"start":{"line":19,"column":14},"end":{"line":19,"column":23}},{"start":{"line":19,"column":23},"end":{"line":19,"column":null}}],"line":19},"3":{"loc":{"start":{"line":23,"column":29},"end":{"line":23,"column":75}},"type":"default-arg","locations":[{"start":{"line":23,"column":46},"end":{"line":23,"column":75}}],"line":23},"4":{"loc":{"start":{"line":24,"column":4},"end":{"line":26,"column":null}},"type":"if","locations":[{"start":{"line":24,"column":4},"end":{"line":26,"column":null}},{"start":{},"end":{}}],"line":24},"5":{"loc":{"start":{"line":24,"column":8},"end":{"line":24,"column":46}},"type":"binary-expr","locations":[{"start":{"line":24,"column":8},"end":{"line":24,"column":35}},{"start":{"line":24,"column":35},"end":{"line":24,"column":46}}],"line":24},"6":{"loc":{"start":{"line":35,"column":4},"end":{"line":47,"column":null}},"type":"if","locations":[{"start":{"line":35,"column":4},"end":{"line":47,"column":null}},{"start":{"line":38,"column":11},"end":{"line":47,"column":null}}],"line":35},"7":{"loc":{"start":{"line":41,"column":6},"end":{"line":46,"column":null}},"type":"if","locations":[{"start":{"line":41,"column":6},"end":{"line":46,"column":null}},{"start":{"line":44,"column":13},"end":{"line":46,"column":null}}],"line":41},"8":{"loc":{"start":{"line":41,"column":10},"end":{"line":41,"column":96}},"type":"binary-expr","locations":[{"start":{"line":41,"column":10},"end":{"line":41,"column":35}},{"start":{"line":41,"column":35},"end":{"line":41,"column":61}},{"start":{"line":41,"column":61},"end":{"line":41,"column":96}}],"line":41}},"s":{"0":14,"1":14,"2":9,"3":9,"4":16,"5":19,"6":3,"7":16,"8":16,"9":20,"10":16,"11":14,"12":14,"13":2,"14":2,"15":1,"16":1,"17":1,"18":15,"19":1},"f":{"0":14,"1":9,"2":16,"3":19,"4":20,"5":1},"b":{"0":[14],"1":[14],"2":[9,9],"3":[19],"4":[3,16],"5":[19,17],"6":[14,2],"7":[1,1],"8":[2,1,0]},"meta":{"lastBranch":9,"lastFunction":6,"lastStatement":20,"seen":{"f:13:2:13:14":0,"b:13:38:13:42":0,"b:13:58:13:62":1,"s:14:4:14:Infinity":0,"s:15:4:15:Infinity":1,"f:18:2:18:16":1,"s:19:14:19:Infinity":2,"b:19:14:19:23:19:23:19:Infinity":2,"s:20:4:20:Infinity":3,"f:20:29:20:35":2,"s:20:44:20:61":4,"f:23:2:23:14":3,"b:23:46:23:75":3,"b:24:4:26:Infinity:undefined:undefined:undefined:undefined":4,"s:24:4:26:Infinity":5,"b:24:8:24:35:24:35:24:46":5,"s:25:6:25:Infinity":6,"s:28:30:32:Infinity":7,"s:34:19:34:Infinity":8,"f:34:44:34:50":4,"s:34:59:34:76":9,"b:35:4:47:Infinity:38:11:47:Infinity":6,"s:35:4:47:Infinity":10,"s:36:6:36:Infinity":11,"s:37:6:37:Infinity":12,"s:40:21:40:Infinity":13,"b:41:6:46:Infinity:44:13:46:Infinity":7,"s:41:6:46:Infinity":14,"b:41:10:41:35:41:35:41:61:41:61:41:96":8,"s:42:8:42:Infinity":15,"s:43:8:43:Infinity":16,"s:45:8:45:Infinity":17,"s:49:4:49:Infinity":18,"f:52:2:52:16":5,"s:53:4:53:Infinity":19},"fnNames":{}}}
}
